<?xml version="1.0" encoding="UTF-8"?>
<!-- Generated by org.testng.reporters.JUnitReportReporter -->
<testsuite hostname="LAPTOP-M8IMRJU0" failures="0" tests="10" name="runner.WebApp" time="145.442" errors="0" timestamp="2022-01-20T23:55:34 IST" skipped="0">
  <testcase classname="runner.WebApp" name="test1" time="6.182"/>
  <system-out/>
  <testcase classname="runner.WebApp" name="test2" time="12.843"/>
  <system-out/>
  <testcase classname="runner.WebApp" name="test3" time="5.700"/>
  <system-out/>
  <testcase classname="runner.WebApp" name="test4" time="9.608"/>
  <system-out/>
  <testcase classname="runner.WebApp" name="test5" time="11.796"/>
  <system-out/>
  <testcase classname="runner.WebApp" name="test6" time="16.157"/>
  <system-out/>
  <testcase classname="runner.WebApp" name="test7" time="19.968"/>
  <system-out/>
  <testcase classname="runner.WebApp" name="test8" time="22.410"/>
  <system-out/>
  <testcase classname="runner.WebApp" name="test9" time="27.249"/>
  <system-out/>
  <testcase classname="runner.WebApp" name="test10" time="13.529"/>
  <system-out/>
</testsuite> <!-- runner.WebApp -->
